2023-03-26T17:10:51.623+05:30  INFO 25738 --- [restartedMain] com.example.demo.DemoApplication         : Starting DemoApplication using Java 17 with PID 25738 (/Users/innovation/Documents/Darshit/work/Incubator/Course_Management_Backend/target/classes started by innovation in /Users/innovation/Documents/Darshit/work/Incubator/Course_Management_Backend)
2023-03-26T17:10:51.628+05:30  INFO 25738 --- [restartedMain] com.example.demo.DemoApplication         : The following 1 profile is active: "release"
2023-03-26T17:10:51.711+05:30  INFO 25738 --- [restartedMain] .e.DevToolsPropertyDefaultsPostProcessor : Devtools property defaults active! Set 'spring.devtools.add-properties' to 'false' to disable
2023-03-26T17:10:51.712+05:30  INFO 25738 --- [restartedMain] .e.DevToolsPropertyDefaultsPostProcessor : For additional web related logging consider setting the 'logging.level.web' property to 'DEBUG'
2023-03-26T17:10:53.636+05:30  INFO 25738 --- [restartedMain] .s.d.r.c.RepositoryConfigurationDelegate : Bootstrapping Spring Data JPA repositories in DEFAULT mode.
2023-03-26T17:10:53.815+05:30  INFO 25738 --- [restartedMain] .s.d.r.c.RepositoryConfigurationDelegate : Finished Spring Data repository scanning in 164 ms. Found 9 JPA repository interfaces.
2023-03-26T17:10:55.284+05:30  INFO 25738 --- [restartedMain] o.s.b.w.embedded.tomcat.TomcatWebServer  : Tomcat initialized with port(s): 8099 (http)
2023-03-26T17:10:55.302+05:30  INFO 25738 --- [restartedMain] o.apache.catalina.core.StandardService   : Starting service [Tomcat]
2023-03-26T17:10:55.302+05:30  INFO 25738 --- [restartedMain] o.apache.catalina.core.StandardEngine    : Starting Servlet engine: [Apache Tomcat/10.1.4]
2023-03-26T17:10:55.713+05:30  INFO 25738 --- [restartedMain] o.a.c.c.C.[.[.[/coursemanagement]        : Initializing Spring embedded WebApplicationContext
2023-03-26T17:10:55.714+05:30  INFO 25738 --- [restartedMain] w.s.c.ServletWebServerApplicationContext : Root WebApplicationContext: initialization completed in 4001 ms
2023-03-26T17:10:55.978+05:30  INFO 25738 --- [restartedMain] o.hibernate.jpa.internal.util.LogHelper  : HHH000204: Processing PersistenceUnitInfo [name: default]
2023-03-26T17:10:56.046+05:30  INFO 25738 --- [restartedMain] org.hibernate.Version                    : HHH000412: Hibernate ORM core version 6.1.6.Final
2023-03-26T17:10:56.276+05:30  WARN 25738 --- [restartedMain] org.hibernate.orm.deprecation            : HHH90000021: Encountered deprecated setting [javax.persistence.sharedCache.mode], use [jakarta.persistence.sharedCache.mode] instead
2023-03-26T17:10:56.439+05:30  INFO 25738 --- [restartedMain] com.zaxxer.hikari.HikariDataSource       : HikariPool-1 - Starting...
2023-03-26T17:10:56.630+05:30  INFO 25738 --- [restartedMain] com.zaxxer.hikari.pool.HikariPool        : HikariPool-1 - Added connection org.postgresql.jdbc.PgConnection@44ba8618
2023-03-26T17:10:56.632+05:30  INFO 25738 --- [restartedMain] com.zaxxer.hikari.HikariDataSource       : HikariPool-1 - Start completed.
2023-03-26T17:10:56.672+05:30  INFO 25738 --- [restartedMain] SQL dialect                              : HHH000400: Using dialect: org.hibernate.dialect.PostgreSQLDialect
2023-03-26T17:10:58.316+05:30  INFO 25738 --- [restartedMain] o.h.e.t.j.p.i.JtaPlatformInitiator       : HHH000490: Using JtaPlatform implementation: [org.hibernate.engine.transaction.jta.platform.internal.NoJtaPlatform]
2023-03-26T17:10:58.329+05:30  INFO 25738 --- [restartedMain] j.LocalContainerEntityManagerFactoryBean : Initialized JPA EntityManagerFactory for persistence unit 'default'
2023-03-26T17:10:59.787+05:30  WARN 25738 --- [restartedMain] JpaBaseConfiguration$JpaWebConfiguration : spring.jpa.open-in-view is enabled by default. Therefore, database queries may be performed during view rendering. Explicitly configure spring.jpa.open-in-view to disable this warning
2023-03-26T17:11:00.263+05:30  INFO 25738 --- [restartedMain] o.s.s.web.DefaultSecurityFilterChain     : Will secure any request with [org.springframework.security.web.session.DisableEncodeUrlFilter@2cc73ada, org.springframework.security.web.context.request.async.WebAsyncManagerIntegrationFilter@373df65f, org.springframework.security.web.context.SecurityContextHolderFilter@22a38d4c, org.springframework.security.web.header.HeaderWriterFilter@778c1bd9, org.springframework.web.filter.CorsFilter@ec4d4e1, org.springframework.security.web.authentication.logout.LogoutFilter@58f2077e, com.example.demo.config.JwtAuthFilter@1baadc91, org.springframework.security.web.savedrequest.RequestCacheAwareFilter@6379fa82, org.springframework.security.web.servletapi.SecurityContextHolderAwareRequestFilter@7c5e36d6, org.springframework.security.web.authentication.AnonymousAuthenticationFilter@52c3a6d3, org.springframework.security.web.session.SessionManagementFilter@c3d311e, org.springframework.security.web.access.ExceptionTranslationFilter@602a7ac6, org.springframework.security.web.access.intercept.AuthorizationFilter@1b601025]
2023-03-26T17:11:00.588+05:30  INFO 25738 --- [restartedMain] o.s.b.d.a.OptionalLiveReloadServer       : LiveReload server is running on port 35729
2023-03-26T17:11:00.648+05:30  INFO 25738 --- [restartedMain] o.s.b.w.embedded.tomcat.TomcatWebServer  : Tomcat started on port(s): 8099 (http) with context path '/coursemanagement'
2023-03-26T17:11:00.663+05:30  INFO 25738 --- [restartedMain] com.example.demo.DemoApplication         : Started DemoApplication in 9.843 seconds (process running for 11.586)
2023-03-26T17:13:39.575+05:30  INFO 25738 --- [SpringApplicationShutdownHook] j.LocalContainerEntityManagerFactoryBean : Closing JPA EntityManagerFactory for persistence unit 'default'
2023-03-26T17:13:39.580+05:30  INFO 25738 --- [SpringApplicationShutdownHook] com.zaxxer.hikari.HikariDataSource       : HikariPool-1 - Shutdown initiated...
2023-03-26T17:13:39.583+05:30  INFO 25738 --- [SpringApplicationShutdownHook] com.zaxxer.hikari.HikariDataSource       : HikariPool-1 - Shutdown completed.
2023-03-26T17:13:43.657+05:30  INFO 25879 --- [restartedMain] com.example.demo.DemoApplication         : Starting DemoApplication using Java 17 with PID 25879 (/Users/innovation/Documents/Darshit/work/Incubator/Course_Management_Backend/target/classes started by innovation in /Users/innovation/Documents/Darshit/work/Incubator/Course_Management_Backend)
2023-03-26T17:13:43.662+05:30  INFO 25879 --- [restartedMain] com.example.demo.DemoApplication         : The following 1 profile is active: "release"
2023-03-26T17:13:43.749+05:30  INFO 25879 --- [restartedMain] .e.DevToolsPropertyDefaultsPostProcessor : Devtools property defaults active! Set 'spring.devtools.add-properties' to 'false' to disable
2023-03-26T17:13:43.750+05:30  INFO 25879 --- [restartedMain] .e.DevToolsPropertyDefaultsPostProcessor : For additional web related logging consider setting the 'logging.level.web' property to 'DEBUG'
2023-03-26T17:13:45.218+05:30  INFO 25879 --- [restartedMain] .s.d.r.c.RepositoryConfigurationDelegate : Bootstrapping Spring Data JPA repositories in DEFAULT mode.
2023-03-26T17:13:45.378+05:30  INFO 25879 --- [restartedMain] .s.d.r.c.RepositoryConfigurationDelegate : Finished Spring Data repository scanning in 145 ms. Found 9 JPA repository interfaces.
2023-03-26T17:13:46.601+05:30  INFO 25879 --- [restartedMain] o.s.b.w.embedded.tomcat.TomcatWebServer  : Tomcat initialized with port(s): 8099 (http)
2023-03-26T17:13:46.619+05:30  INFO 25879 --- [restartedMain] o.apache.catalina.core.StandardService   : Starting service [Tomcat]
2023-03-26T17:13:46.620+05:30  INFO 25879 --- [restartedMain] o.apache.catalina.core.StandardEngine    : Starting Servlet engine: [Apache Tomcat/10.1.4]
2023-03-26T17:13:46.716+05:30  INFO 25879 --- [restartedMain] o.a.c.c.C.[.[.[/coursemanagement]        : Initializing Spring embedded WebApplicationContext
2023-03-26T17:13:46.717+05:30  INFO 25879 --- [restartedMain] w.s.c.ServletWebServerApplicationContext : Root WebApplicationContext: initialization completed in 2966 ms
2023-03-26T17:13:46.992+05:30  INFO 25879 --- [restartedMain] o.hibernate.jpa.internal.util.LogHelper  : HHH000204: Processing PersistenceUnitInfo [name: default]
2023-03-26T17:13:47.066+05:30  INFO 25879 --- [restartedMain] org.hibernate.Version                    : HHH000412: Hibernate ORM core version 6.1.6.Final
2023-03-26T17:13:47.307+05:30  WARN 25879 --- [restartedMain] org.hibernate.orm.deprecation            : HHH90000021: Encountered deprecated setting [javax.persistence.sharedCache.mode], use [jakarta.persistence.sharedCache.mode] instead
2023-03-26T17:13:47.468+05:30  INFO 25879 --- [restartedMain] com.zaxxer.hikari.HikariDataSource       : HikariPool-1 - Starting...
2023-03-26T17:13:47.613+05:30  INFO 25879 --- [restartedMain] com.zaxxer.hikari.pool.HikariPool        : HikariPool-1 - Added connection org.postgresql.jdbc.PgConnection@3ec645e5
2023-03-26T17:13:47.616+05:30  INFO 25879 --- [restartedMain] com.zaxxer.hikari.HikariDataSource       : HikariPool-1 - Start completed.
2023-03-26T17:13:47.652+05:30  INFO 25879 --- [restartedMain] SQL dialect                              : HHH000400: Using dialect: org.hibernate.dialect.PostgreSQLDialect
2023-03-26T17:13:49.220+05:30  INFO 25879 --- [restartedMain] o.h.e.t.j.p.i.JtaPlatformInitiator       : HHH000490: Using JtaPlatform implementation: [org.hibernate.engine.transaction.jta.platform.internal.NoJtaPlatform]
2023-03-26T17:13:49.231+05:30  INFO 25879 --- [restartedMain] j.LocalContainerEntityManagerFactoryBean : Initialized JPA EntityManagerFactory for persistence unit 'default'
2023-03-26T17:13:50.569+05:30  WARN 25879 --- [restartedMain] JpaBaseConfiguration$JpaWebConfiguration : spring.jpa.open-in-view is enabled by default. Therefore, database queries may be performed during view rendering. Explicitly configure spring.jpa.open-in-view to disable this warning
2023-03-26T17:13:51.072+05:30  INFO 25879 --- [restartedMain] o.s.s.web.DefaultSecurityFilterChain     : Will secure any request with [org.springframework.security.web.session.DisableEncodeUrlFilter@3f46485b, org.springframework.security.web.context.request.async.WebAsyncManagerIntegrationFilter@40719502, org.springframework.security.web.context.SecurityContextHolderFilter@2048918a, org.springframework.security.web.header.HeaderWriterFilter@2cd2aab6, org.springframework.web.filter.CorsFilter@64ce71bd, org.springframework.security.web.authentication.logout.LogoutFilter@263854fe, com.example.demo.config.JwtAuthFilter@4e01c04a, org.springframework.security.web.savedrequest.RequestCacheAwareFilter@417d7989, org.springframework.security.web.servletapi.SecurityContextHolderAwareRequestFilter@34d6afd3, org.springframework.security.web.authentication.AnonymousAuthenticationFilter@cee2e2e, org.springframework.security.web.session.SessionManagementFilter@7bb0212c, org.springframework.security.web.access.ExceptionTranslationFilter@3ecc2195, org.springframework.security.web.access.intercept.AuthorizationFilter@37991a33]
2023-03-26T17:13:51.385+05:30  INFO 25879 --- [restartedMain] o.s.b.d.a.OptionalLiveReloadServer       : LiveReload server is running on port 35729
2023-03-26T17:13:51.444+05:30  INFO 25879 --- [restartedMain] o.s.b.w.embedded.tomcat.TomcatWebServer  : Tomcat started on port(s): 8099 (http) with context path '/coursemanagement'
2023-03-26T17:13:51.461+05:30  INFO 25879 --- [restartedMain] com.example.demo.DemoApplication         : Started DemoApplication in 8.602 seconds (process running for 9.456)
2023-03-26T17:22:30.908+05:30  INFO 25879 --- [SpringApplicationShutdownHook] j.LocalContainerEntityManagerFactoryBean : Closing JPA EntityManagerFactory for persistence unit 'default'
2023-03-26T17:22:30.912+05:30  INFO 25879 --- [SpringApplicationShutdownHook] com.zaxxer.hikari.HikariDataSource       : HikariPool-1 - Shutdown initiated...
2023-03-26T17:22:30.916+05:30  INFO 25879 --- [SpringApplicationShutdownHook] com.zaxxer.hikari.HikariDataSource       : HikariPool-1 - Shutdown completed.
